2017-04-25 22:27:50 - MOD: Modification Default
FILE: system/engine/action.php
REGEX: ~(require|include)(_once)?\(([^)]+)~
LINE: 39
FILE: system/engine/loader.php
REGEX: ~(require|include)(_once)?\(([^)]+)~
LINE: 20
LINE: 59
LINE: 80
LINE: 99
FILE: system/library/config.php
REGEX: ~(require|include)(_once)?\(([^)]+)~
LINE: 23
FILE: system/library/language.php
REGEX: ~(require|include)(_once)?\(([^)]+)~
LINE: 25
LINE: 31
----------------------------------------------------------------
MOD: UniShop for filterpro
----------------------------------------------------------------
MOD: UniShop template
FILE: catalog/controller/common/seo_url.php
CODE: if ($url[0] == 'information_id') {
LINE: 44
CODE: $url[0] != 'information_id'
LINE: 48
CODE: } elseif (isset($this->request->get['information_id'])) {
LINE: 69
CODE: ($data['route'] == 'information/information'
LINE: 91
FILE: catalog/controller/common/seo_pro.php
CODE: $this->request->get['route'] = 'information/information';
LINE: 101
CODE: case 'information_id':
LINE: 186
FILE: catalog/controller/common/header.php
CODE: $this->config->get('config_telephone');
LINE: 138
CODE: $category['name'],
LINE: 187
CODE: foreach ($children as $child) {
LINE: 170
FILE: catalog/controller/common/home.php
CODE: controller('common/header');
LINE: 27
FILE: catalog/controller/information/contact.php
CODE: $this->config->get('config_fax');
LINE: 105
FILE: catalog/controller/checkout/cart.php
CODE: $json['total']
LINE: 390
LINE: 482
CODE: public function index() {
LINE: 7
CODE: 'checkout/checkout'
LINE: 235
CODE: if ($product_info) {
LINE: 309
CODE: $json['success'] = sprintf($this->language->get('text_success'), $this->url->link('product/product', 'product_id=' . $this->request->post['product_id']), $product_info['name'], $this->url->link('checkout/cart'));
LINE: 353
FILE: catalog/controller/common/cart.php
CODE: $data['text_items']
LINE: 48
CODE: $product['cart_id'],
LINE: 103
CODE: $this->language->get('text_loading');
LINE: 62
FILE: catalog/controller/common/footer.php
CODE: $this->language->get('text_newsletter');
LINE: 80
FILE: catalog/controller/module/slideshow.php
CODE: $this->load->model('tool/image');
LINE: 15
CODE: $this->document->addStyle
LINE: 17
FILE: catalog/controller/module/carousel.php
CODE: $this->document->addStyle
LINE: 8
FILE: catalog/controller/module/banner.php
CODE: $this->document->addStyle
LINE: 8
LINE: 9
FILE: catalog/controller/common/search.php
CODE: $this->load->language('common/search');
LINE: 24
FILE: catalog/controller/information/information.php
CODE: public function index() {
LINE: 12
FILE: catalog/controller/product/category.php
CODE: public function index() {
LINE: 10
FILE: catalog/controller/product/search.php
CODE: public function index() {
LINE: 10
FILE: catalog/controller/product/special.php
CODE: public function index() {
LINE: 10
FILE: catalog/controller/product/manufacturer.php
CODE: public function index() {
LINE: 10
CODE: $data['categories'][] = array(
LINE: 181
CODE: public function info
LINE: 119
FILE: catalog/controller/module/category.php
CODE: public function index
LINE: 38
CODE: $data['products'][] = array(
NOT FOUND!
CODE: $data['products'][] = array(
NOT FOUND!
CODE: public function index
LINE: 38
CODE: $data['products'][] = array(
LINE: 356
CODE: $data['products'][] = array(
LINE: 377
FILE: catalog/controller/product/product.php
CODE: public function index
LINE: 40
CODE: $data['products'][] = array(
LINE: 584
CODE: $data['products'][] = array(
LINE: 605
CODE: public function index
LINE: 38
CODE: $data['products'][] = array(
NOT FOUND!
CODE: $data['products'][] = array(
NOT FOUND!
CODE: public function index
LINE: 38
CODE: $data['products'][] = array(
LINE: 377
CODE: $data['products'][] = array(
LINE: 398
FILE: catalog/controller/unishop/search.php
CODE: public function index
LINE: 38
CODE: $data['products'][] = array(
NOT FOUND!
CODE: $data['products'][] = array(
NOT FOUND!
FILE: catalog/controller/module/special.php
CODE: public function index
LINE: 38
CODE: $data['products'][] = array(
LINE: 183
CODE: $data['products'][] = array(
LINE: 204
CODE: public function index
LINE: 38
CODE: $data['products'][] = array(
LINE: 262
CODE: $data['products'][] = array(
LINE: 283
CODE: public function index
LINE: 38
CODE: $data['products'][] = array(
LINE: 409
CODE: $data['products'][] = array(
LINE: 430
FILE: catalog/controller/module/latest.php
CODE: public function index
LINE: 38
CODE: $data['products'][] = array(
LINE: 183
CODE: $data['products'][] = array(
LINE: 204
FILE: catalog/controller/module/featured.php
CODE: public function index
LINE: 38
CODE: $data['products'][] = array(
LINE: 183
CODE: $data['products'][] = array(
LINE: 204
FILE: catalog/controller/module/bestseller.php
CODE: public function index
LINE: 38
CODE: $data['products'][] = array(
LINE: 176
CODE: $data['products'][] = array(
LINE: 197
FILE: catalog/controller/extension/module/manufacturer.php
CODE: public function index
LINE: 38
CODE: $data['products'][] = array(
NOT FOUND!
CODE: $data['products'][] = array(
NOT FOUND!
CODE: $data['heading_title'] = $this->language->get('heading_title');
LINE: 41
CODE: $data['heading_title'] = $this->language->get('heading_title');
LINE: 41
CODE: $data['heading_title'] = $this->language->get('heading_title');
LINE: 41
CODE: $data['heading_title'] = $this->language->get('heading_title');
LINE: 41
CODE: image_popup_height')),
LINE: 365
CODE: $data['images'] = array();
LINE: 358
CODE: $this->model_tool_image->resize($option_value['image'], 50, 50),
LINE: 419
CODE: 'price'                   => $price,
LINE: 424
CODE: if ($product_info['quantity'] <= 0) {
LINE: 461
CODE: public function review() {
LINE: 882
CODE: 'text'       => nl2br($result['text']),
LINE: 908
CODE: if ((utf8_strlen($this->request->post['text']) < 25)
LINE: 957
FILE: catalog/controller/product/compare.php
CODE: $data['products'][$product_id] = array(
LINE: 120
CODE: $product_info['manufacturer'],
LINE: 136
FILE: catalog/controller/module/ocfilter.php
CODE: /theme/default/
LINE: 250
FILE: catalog/model/catalog/product.php
CODE: $query->row['stock_status'],
LINE: 30
CODE: getProductAttributes($product_id)
LINE: 297
CODE: ORDER BY ag.sort_order, agd.name"
LINE: 300
CODE: ORDER BY a.sort_order, ad.name"
LINE: 305
CODE: getProductOptions($product_id)
LINE: 325
CODE: ORDER BY o.sort_order"
LINE: 328
FILE: catalog/model/catalog/review.php
CODE: , rating =
LINE: 5
CODE: r.author, r.rating, r.text,
LINE: 63
CODE: $this->load->language('mail/review');
LINE: 11
CODE: $message .= html_entity_decode($data['text'], ENT_QUOTES, 'UTF-8') . "\n\n";
LINE: 28
----------------------------------------------------------------
MOD: UniShop template (admin side)
FILE: admin/controller/common/menu.php
CODE: $data['affiliate']
LINE: 122
FILE: admin/view/template/common/menu.tpl
CODE: <?php echo $text_information; ?></a></li>
LINE: 27
FILE: admin/controller/common/column_left.php
CODE: $catalog = array();
NOT FOUND!
CODE: if ($catalog) {
NOT FOUND!
FILE: admin/language/english/english.php
CODE: // Error
LINE: 147
FILE: admin/language/russian/russian.php
CODE: // Error
LINE: 147
FILE: admin/model/catalog/review.php
CODE: public function addReview($data) {
LINE: 21
CODE: , rating =
LINE: 24
LINE: 38
FILE: admin/controller/catalog/review.php
CODE: $this->getList();
LINE: 14
LINE: 163
CODE: $data['entry_text'] = $this->language->get('entry_text');
LINE: 417
CODE: if (isset($this->request->post['rating'])) {
LINE: 567
FILE: admin/language/english/catalog/review.php
CODE: // Heading
LINE: 6
FILE: admin/language/russian/catalog/review.php
CODE: // Heading
LINE: 6
FILE: admin/view/template/catalog/review_form.tpl
CODE: <select name="status" id="input-status" class="form-control">
LINE: 131
----------------------------------------------------------------
MOD: UniShop template for 2.1
FILE: admin/controller/extension/module.php
CODE: $files = glob(DIR_APPLICATION . 'controller/module/*.php');
LINE: 165
CODE: $this->load->language('module/' . $extension);
LINE: 187
CODE: if (!file_exists(DIR_APPLICATION . 'controller/module/' . $value . '.php')) {
LINE: 142
CODE: $this->load->controller('module/'
LINE: 34
LINE: 63
CODE: $this->url->link('module/'
LINE: 205
LINE: 216
FILE: admin/controller/design/layout.php
CODE: $this->load->language('module/' . $code);
LINE: 376
FILE: catalog/controller/common/column_left.php
CODE: $layout_id = 0;
LINE: 14
FILE: catalog/controller/common/column_left2.php
CODE: $layout_id = 0;
LINE: 14
FILE: catalog/controller/common/content_bottom.php
CODE: $layout_id = 0;
LINE: 14
FILE: catalog/controller/common/content_bottom2.php
CODE: $layout_id = 0;
LINE: 14
CODE: $data['modules'] = array();
LINE: 55
CODE: $data['modules'][] = $this->load->controller('module/' . $part[0]);
LINE: 63
CODE: $data['modules'][] = $this->load->controller('module/' . $part[0], $setting_info);
LINE: 70
CODE: $data['modules'] = array();
LINE: 55
CODE: $data['modules'][] = $this->load->controller('module/' . $part[0]);
LINE: 63
CODE: $data['modules'][] = $this->load->controller('module/' . $part[0], $setting_info);
LINE: 70
FILE: catalog/controller/common/column_right.php
CODE: $data['modules'] = array();
LINE: 52
CODE: $data['modules'][] = $this->load->controller('module/' . $part[0]);
LINE: 60
CODE: $data['modules'][] = $this->load->controller('module/' . $part[0], $setting_info);
LINE: 67
FILE: catalog/controller/common/content_top.php
CODE: $data['modules'] = array();
LINE: 52
CODE: $data['modules'][] = $this->load->controller('module/' . $part[0]);
LINE: 60
CODE: $data['modules'][] = $this->load->controller('module/' . $part[0], $setting_info);
LINE: 67
CODE: $data['modules'] = array();
LINE: 55
CODE: $data['modules'][] = $this->load->controller('module/' . $part[0]);
LINE: 63
CODE: $data['modules'][] = $this->load->controller('module/' . $part[0], $setting_info);
LINE: 70
CODE: $data['modules'] = array();
LINE: 55
CODE: $data['modules'][] = $this->load->controller('module/' . $part[0]);
LINE: 63
CODE: $data['modules'][] = $this->load->controller('module/' . $part[0], $setting_info);
LINE: 70
----------------------------------------------------------------
MOD: ocMod for UniShop template
----------------------------------------------------------------
MOD: Auto Fill URL
FILE: admin/controller/catalog/product.php
CODE: function getForm()
LINE: 526
FILE: admin/controller/catalog/category.php
CODE: function getForm()
LINE: 309
FILE: admin/controller/catalog/manufacturer.php
CODE: function getForm()
LINE: 265
FILE: admin/controller/catalog/information.php
CODE: function getForm()
LINE: 265
FILE: admin/view/template/catalog/product_form.tpl
CODE: <?php echo $footer; ?>
LINE: 1419
FILE: admin/view/template/catalog/category_form.tpl
CODE: <?php echo $footer; ?>
LINE: 314
FILE: admin/view/template/catalog/manufacturer_form.tpl
CODE: <?php echo $footer; ?>
LINE: 152
FILE: admin/view/template/catalog/information_form.tpl
CODE: <?php echo $footer; ?>
LINE: 235
----------------------------------------------------------------
MOD: GeoIP
CODE: $data['language'] = $this->load->controller('common/language');
LINE: 215
FILE: catalog/view/theme/default/template/common/header.tpl
CODE: <?php foreach ($styles as $style) { ?>
LINE: 35
CODE: </head>
LINE: 49
FILE: catalog/view/theme/unishop/template/common/header.tpl
CODE: <?php foreach ($styles as $style) { ?>
LINE: 45
CODE: </head>
LINE: 84
FILE: catalog/controller/account/register.php
CODE: $data['city'] = $this->request->post['city'];
LINE: 252
----------------------------------------------------------------
MOD: Guest Newsletter Subscription
CODE: $this->load->language('common/menu');
LINE: 4
CODE: $this->load->language('common/menu');
LINE: 4
CODE: <li><a href="<?php echo $contact; ?>"><?php echo $text_contact; ?></a></li>
LINE: 127
FILE: admin/controller/marketing/contact.php
CODE: $this->load->model('sale/order');
LINE: 107
CODE: case 'newsletter':
LINE: 125
CODE: case 'customer_all':
LINE: 145
----------------------------------------------------------------
MOD: Local copy OCMOD by iSenseLabs
FILE: admin/controller/extension/installer.php
CODE: 'url'  => str_replace('&amp;', '&', $this->url->link('extension/installer/ftp', 'token=' . $this->session->data['token'],
NOT FOUND!
----------------------------------------------------------------
MOD: Minimum order
FILE: admin/controller/setting/setting.php
CODE: $data['entry_invoice_prefix'] = $this->language->get('entry_invoice_prefix');
LINE: 106
CODE: $data['help_invoice_prefix'] = $this->language->get('help_invoice_prefix');
LINE: 225
CODE: if (isset($this->request->post['config_invoice_prefix'])) {
LINE: 910
FILE: admin/language/russian/setting/setting.php
CODE: $_['entry_invoice_prefix']
LINE: 85
CODE: $_['help_invoice_prefix']
LINE: 199
FILE: admin/language/english/setting/setting.php
CODE: $_['entry_invoice_prefix']
LINE: 86
CODE: $_['help_invoice_prefix']
LINE: 200
FILE: catalog/language/russian/russian.php
CODE: $_['text_home']
LINE: 13
FILE: catalog/language/english/english.php
CODE: $_['text_home']
LINE: 13
FILE: admin/view/template/setting/setting.tpl
CODE: <legend><?php echo $text_checkout; ?></legend>
LINE: 774
CODE: unset($this->session->data['error']);
LINE: 53
FILE: catalog/controller/checkout/checkout.php
CODE: if ((!$this->cart->hasProducts() && empty($this->session->data['vouchers'])) || (!$this->cart->hasStock() && !$this->config->get('config_stock_checkout'))) {
LINE: 4
FILE: catalog/controller/checkout/confirm.php
CODE: if ((!$this->cart->hasProducts() && empty($this->session->data['vouchers'])) || (!$this->cart->hasStock() && !$this->config->get('config_stock_checkout'))) {
LINE: 32
FILE: catalog/controller/checkout/shipping_method.php
CODE: if ((!$this->cart->hasProducts() && empty($this->session->data['vouchers'])) || (!$this->cart->hasStock() && !$this->config->get('config_stock_checkout'))) {
LINE: 94
FILE: catalog/view/theme/default/template/checkout/cart.tpl
CODE: <div class="pull-right"><a href="<?php echo $checkout; ?>" class="btn btn-primary"><?php echo $button_checkout; ?></a></div>
LINE: 119
FILE: catalog/controller/checkout/unicheckout.php
CODE: //user
LINE: 198
CODE: if ($product['minimum'] > $product_total) {
LINE: 843
CODE: if ($product['minimum'] > $product_total) {
LINE: 1121
----------------------------------------------------------------
MOD: OCFilter Modification
CODE: function getForm() {
LINE: 528
CODE: $this->language->get('tab_general');
LINE: 643
CODE: $this->language->get('text_product');
LINE: 59
CODE: $this->url->link('catalog/information', 'token=' . $this->session->data['token'], 'SSL');
LINE: 156
CODE: $this->url->link('catalog/information', 'token=' . $this->session->data['token'], true);
NOT FOUND!
FILE: admin/language/english/catalog/product.php
CODE: 'Action';
LINE: 31
FILE: admin/language/english/common/menu.php
CODE: 'Options';
LINE: 43
FILE: admin/language/russian/catalog/product.php
CODE: 'Статус';
LINE: 30
FILE: admin/language/russian/common/menu.php
CODE: 'Опции';
LINE: 43
FILE: admin/model/catalog/product.php
CODE: if (isset($data['image'])) {
LINE: 31
LINE: 184
CODE: $data['product_attribute'] = $this->getProductAttributes($product_id);
LINE: 358
CODE: $this->db->query("DELETE FROM " . DB_PREFIX . "product WHERE product_id = '" . (int)$product_id . "'");
LINE: 385
CODE: <script type="text/javascript"><!--
LINE: 977
CODE: <li><a href="<?php echo $product; ?>"><?php echo $text_product; ?></a></li>
LINE: 10
FILE: catalog/controller/common/maintenance.php
CODE: index() {
LINE: 7
CODE: $this->url->addRewrite($this);
LINE: 12
CODE: $this->url->addRewrite($this);
LINE: 36
CODE: $this->url->addRewrite($this, $lang_data);
NOT FOUND!
CODE: if (!empty($data['filter_manufacturer_id'])) {
LINE: 157
LINE: 513
CODE: $data['breadcrumbs'] = array();
LINE: 94
CODE: $product_total =
LINE: 248
CODE: if (isset($this->request->get['filter'])) {
LINE: 415
CODE: if (isset($this->request->get['filter'])) {
LINE: 490
CODE: if (isset($this->request->get['filter'])) {
LINE: 525
CODE: $data['limit'] = $limit;
LINE: 643
FILE: system/library/document.php
CODE: private $keywords;
LINE: 9
CODE: public function setTitle($title) {
LINE: 26
CODE: $data['scripts'] = $this->document->getScripts();
LINE: 38
CODE: </title>
LINE: 18
CODE: </title>
LINE: 10
----------------------------------------------------------------
